<?xml version="1.0" encoding="UTF-8"?>
<!-- Generated by org.testng.reporters.JUnitReportReporter -->
<testsuite hostname="LAPTOP-60BNRNQH" failures="0" tests="1" name="TestCases.Scenario01" time="56.938" errors="0" timestamp="2023-01-02T20:29:40 IST" skipped="0">
  <testcase classname="TestCases.Scenario01" name="TestScenario01" time="56.938"/>
  <system-out/>
</testsuite> <!-- TestCases.Scenario01 -->
