<?xml version="1.0" encoding="UTF-8"?>
<!-- Generated by org.testng.reporters.JUnitReportReporter -->
<testsuite hostname="LAPTOP-60BNRNQH" failures="0" tests="1" name="TestCases.Scenario2" time="61.866" errors="0" timestamp="2023-01-02T20:30:58 IST" skipped="0">
  <testcase classname="TestCases.Scenario2" name="TestScenario02" time="61.866"/>
  <system-out/>
</testsuite> <!-- TestCases.Scenario2 -->
